<?xml version="1.0" encoding="UTF-8"?>
<robot generator="Robot 4.1.3 (Python 3.8.10 on linux)" generated="20220303 13:26:24.579" rpa="false" schemaversion="2">
<suite id="s1" name="QuickStart" source="/home/ubuntu/Desktop/robotframework_testing/QuickStart.rst">
<kw name="Clear login database" type="SETUP">
<kw name="Remove File" library="OperatingSystem">
<arg>${DATABASE FILE}</arg>
<doc>Removes a file with the given path.</doc>
<msg timestamp="20220303 13:26:24.599" level="INFO" html="true">File '&lt;a href="file:///tmp/robotframework-quickstart-db.txt"&gt;/tmp/robotframework-quickstart-db.txt&lt;/a&gt;' does not exist.</msg>
<status status="PASS" starttime="20220303 13:26:24.598" endtime="20220303 13:26:24.599"/>
</kw>
<status status="PASS" starttime="20220303 13:26:24.598" endtime="20220303 13:26:24.599"/>
</kw>
<test id="s1-t1" name="User can create an account and log in">
<kw name="Create valid user">
<arg>fred</arg>
<arg>P4ssw0rd</arg>
<kw name="Create User" library="LoginLibrary">
<arg>${username}</arg>
<arg>${password}</arg>
<status status="PASS" starttime="20220303 13:26:24.599" endtime="20220303 13:26:24.614"/>
</kw>
<kw name="Status Should Be" library="LoginLibrary">
<arg>SUCCESS</arg>
<status status="PASS" starttime="20220303 13:26:24.614" endtime="20220303 13:26:24.614"/>
</kw>
<status status="PASS" starttime="20220303 13:26:24.599" endtime="20220303 13:26:24.614"/>
</kw>
<kw name="Attempt To Login With Credentials" library="LoginLibrary">
<arg>fred</arg>
<arg>P4ssw0rd</arg>
<status status="PASS" starttime="20220303 13:26:24.614" endtime="20220303 13:26:24.628"/>
</kw>
<kw name="Status Should Be" library="LoginLibrary">
<arg>Logged In</arg>
<status status="PASS" starttime="20220303 13:26:24.628" endtime="20220303 13:26:24.628"/>
</kw>
<kw name="Clear login database" type="TEARDOWN">
<kw name="Remove File" library="OperatingSystem">
<arg>${DATABASE FILE}</arg>
<doc>Removes a file with the given path.</doc>
<msg timestamp="20220303 13:26:24.629" level="INFO" html="true">Removed file '&lt;a href="file:///tmp/robotframework-quickstart-db.txt"&gt;/tmp/robotframework-quickstart-db.txt&lt;/a&gt;'.</msg>
<status status="PASS" starttime="20220303 13:26:24.628" endtime="20220303 13:26:24.629"/>
</kw>
<status status="PASS" starttime="20220303 13:26:24.628" endtime="20220303 13:26:24.629"/>
</kw>
<tag>example</tag>
<tag>quickstart</tag>
<tag>smoke</tag>
<status status="PASS" starttime="20220303 13:26:24.599" endtime="20220303 13:26:24.629"/>
</test>
<test id="s1-t2" name="User cannot log in with bad password">
<kw name="Create valid user">
<arg>betty</arg>
<arg>P4ssw0rd</arg>
<kw name="Create User" library="LoginLibrary">
<arg>${username}</arg>
<arg>${password}</arg>
<status status="PASS" starttime="20220303 13:26:24.630" endtime="20220303 13:26:24.644"/>
</kw>
<kw name="Status Should Be" library="LoginLibrary">
<arg>SUCCESS</arg>
<status status="PASS" starttime="20220303 13:26:24.644" endtime="20220303 13:26:24.644"/>
</kw>
<status status="PASS" starttime="20220303 13:26:24.630" endtime="20220303 13:26:24.644"/>
</kw>
<kw name="Attempt To Login With Credentials" library="LoginLibrary">
<arg>betty</arg>
<arg>wrong</arg>
<status status="PASS" starttime="20220303 13:26:24.644" endtime="20220303 13:26:24.658"/>
</kw>
<kw name="Status Should Be" library="LoginLibrary">
<arg>Access Denied</arg>
<status status="PASS" starttime="20220303 13:26:24.658" endtime="20220303 13:26:24.658"/>
</kw>
<kw name="Clear login database" type="TEARDOWN">
<kw name="Remove File" library="OperatingSystem">
<arg>${DATABASE FILE}</arg>
<doc>Removes a file with the given path.</doc>
<msg timestamp="20220303 13:26:24.659" level="INFO" html="true">Removed file '&lt;a href="file:///tmp/robotframework-quickstart-db.txt"&gt;/tmp/robotframework-quickstart-db.txt&lt;/a&gt;'.</msg>
<status status="PASS" starttime="20220303 13:26:24.659" endtime="20220303 13:26:24.659"/>
</kw>
<status status="PASS" starttime="20220303 13:26:24.658" endtime="20220303 13:26:24.659"/>
</kw>
<tag>example</tag>
<tag>quickstart</tag>
<tag>smoke</tag>
<status status="PASS" starttime="20220303 13:26:24.629" endtime="20220303 13:26:24.659"/>
</test>
<test id="s1-t3" name="User can change password">
<kw name="Given a user has a valid account">
<kw name="Create valid user">
<arg>${USERNAME}</arg>
<arg>${PASSWORD}</arg>
<kw name="Create User" library="LoginLibrary">
<arg>${username}</arg>
<arg>${password}</arg>
<status status="PASS" starttime="20220303 13:26:24.660" endtime="20220303 13:26:24.675"/>
</kw>
<kw name="Status Should Be" library="LoginLibrary">
<arg>SUCCESS</arg>
<status status="PASS" starttime="20220303 13:26:24.675" endtime="20220303 13:26:24.675"/>
</kw>
<status status="PASS" starttime="20220303 13:26:24.660" endtime="20220303 13:26:24.675"/>
</kw>
<status status="PASS" starttime="20220303 13:26:24.659" endtime="20220303 13:26:24.675"/>
</kw>
<kw name="When she changes her password">
<kw name="Change Password" library="LoginLibrary">
<arg>${USERNAME}</arg>
<arg>${PASSWORD}</arg>
<arg>${NEW PASSWORD}</arg>
<status status="PASS" starttime="20220303 13:26:24.676" endtime="20220303 13:26:24.690"/>
</kw>
<kw name="Status Should Be" library="LoginLibrary">
<arg>SUCCESS</arg>
<status status="PASS" starttime="20220303 13:26:24.690" endtime="20220303 13:26:24.690"/>
</kw>
<status status="PASS" starttime="20220303 13:26:24.675" endtime="20220303 13:26:24.690"/>
</kw>
<kw name="Then she can log in with the new password">
<kw name="Login">
<arg>${USERNAME}</arg>
<arg>${NEW PASSWORD}</arg>
<kw name="Attempt To Login With Credentials" library="LoginLibrary">
<arg>${username}</arg>
<arg>${password}</arg>
<status status="PASS" starttime="20220303 13:26:24.691" endtime="20220303 13:26:24.706"/>
</kw>
<kw name="Status Should Be" library="LoginLibrary">
<arg>Logged In</arg>
<status status="PASS" starttime="20220303 13:26:24.706" endtime="20220303 13:26:24.706"/>
</kw>
<status status="PASS" starttime="20220303 13:26:24.691" endtime="20220303 13:26:24.706"/>
</kw>
<status status="PASS" starttime="20220303 13:26:24.691" endtime="20220303 13:26:24.706"/>
</kw>
<kw name="And she cannot use the old password anymore">
<kw name="Attempt To Login With Credentials" library="LoginLibrary">
<arg>${USERNAME}</arg>
<arg>${PASSWORD}</arg>
<status status="PASS" starttime="20220303 13:26:24.706" endtime="20220303 13:26:24.721"/>
</kw>
<kw name="Status Should Be" library="LoginLibrary">
<arg>Access Denied</arg>
<status status="PASS" starttime="20220303 13:26:24.721" endtime="20220303 13:26:24.721"/>
</kw>
<status status="PASS" starttime="20220303 13:26:24.706" endtime="20220303 13:26:24.721"/>
</kw>
<kw name="Clear login database" type="TEARDOWN">
<kw name="Remove File" library="OperatingSystem">
<arg>${DATABASE FILE}</arg>
<doc>Removes a file with the given path.</doc>
<msg timestamp="20220303 13:26:24.722" level="INFO" html="true">Removed file '&lt;a href="file:///tmp/robotframework-quickstart-db.txt"&gt;/tmp/robotframework-quickstart-db.txt&lt;/a&gt;'.</msg>
<status status="PASS" starttime="20220303 13:26:24.722" endtime="20220303 13:26:24.722"/>
</kw>
<status status="PASS" starttime="20220303 13:26:24.721" endtime="20220303 13:26:24.722"/>
</kw>
<tag>example</tag>
<tag>quickstart</tag>
<tag>smoke</tag>
<status status="PASS" starttime="20220303 13:26:24.659" endtime="20220303 13:26:24.722"/>
</test>
<test id="s1-t4" name="Invalid password">
<kw name="Creating user with invalid password should fail">
<arg>abCD5</arg>
<arg>${PWD INVALID LENGTH}</arg>
<kw name="Create User" library="LoginLibrary">
<arg>example</arg>
<arg>${password}</arg>
<status status="PASS" starttime="20220303 13:26:24.723" endtime="20220303 13:26:24.736"/>
</kw>
<kw name="Status Should Be" library="LoginLibrary">
<arg>Creating user failed: ${error}</arg>
<status status="PASS" starttime="20220303 13:26:24.737" endtime="20220303 13:26:24.737"/>
</kw>
<status status="PASS" starttime="20220303 13:26:24.722" endtime="20220303 13:26:24.737"/>
</kw>
<kw name="Creating user with invalid password should fail">
<arg>abCD567890123</arg>
<arg>${PWD INVALID LENGTH}</arg>
<kw name="Create User" library="LoginLibrary">
<arg>example</arg>
<arg>${password}</arg>
<status status="PASS" starttime="20220303 13:26:24.737" endtime="20220303 13:26:24.752"/>
</kw>
<kw name="Status Should Be" library="LoginLibrary">
<arg>Creating user failed: ${error}</arg>
<status status="PASS" starttime="20220303 13:26:24.752" endtime="20220303 13:26:24.753"/>
</kw>
<status status="PASS" starttime="20220303 13:26:24.737" endtime="20220303 13:26:24.753"/>
</kw>
<kw name="Creating user with invalid password should fail">
<arg>123DEFG</arg>
<arg>${PWD INVALID CONTENT}</arg>
<kw name="Create User" library="LoginLibrary">
<arg>example</arg>
<arg>${password}</arg>
<status status="PASS" starttime="20220303 13:26:24.753" endtime="20220303 13:26:24.767"/>
</kw>
<kw name="Status Should Be" library="LoginLibrary">
<arg>Creating user failed: ${error}</arg>
<status status="PASS" starttime="20220303 13:26:24.767" endtime="20220303 13:26:24.767"/>
</kw>
<status status="PASS" starttime="20220303 13:26:24.753" endtime="20220303 13:26:24.767"/>
</kw>
<kw name="Creating user with invalid password should fail">
<arg>abcd56789</arg>
<arg>${PWD INVALID CONTENT}</arg>
<kw name="Create User" library="LoginLibrary">
<arg>example</arg>
<arg>${password}</arg>
<status status="PASS" starttime="20220303 13:26:24.768" endtime="20220303 13:26:24.782"/>
</kw>
<kw name="Status Should Be" library="LoginLibrary">
<arg>Creating user failed: ${error}</arg>
<status status="PASS" starttime="20220303 13:26:24.782" endtime="20220303 13:26:24.783"/>
</kw>
<status status="PASS" starttime="20220303 13:26:24.767" endtime="20220303 13:26:24.783"/>
</kw>
<kw name="Creating user with invalid password should fail">
<arg>AbCdEfGh</arg>
<arg>${PWD INVALID CONTENT}</arg>
<kw name="Create User" library="LoginLibrary">
<arg>example</arg>
<arg>${password}</arg>
<status status="PASS" starttime="20220303 13:26:24.783" endtime="20220303 13:26:24.797"/>
</kw>
<kw name="Status Should Be" library="LoginLibrary">
<arg>Creating user failed: ${error}</arg>
<status status="PASS" starttime="20220303 13:26:24.797" endtime="20220303 13:26:24.797"/>
</kw>
<status status="PASS" starttime="20220303 13:26:24.783" endtime="20220303 13:26:24.798"/>
</kw>
<kw name="Creating user with invalid password should fail">
<arg>abCD56+</arg>
<arg>${PWD INVALID CONTENT}</arg>
<kw name="Create User" library="LoginLibrary">
<arg>example</arg>
<arg>${password}</arg>
<status status="PASS" starttime="20220303 13:26:24.798" endtime="20220303 13:26:24.812"/>
</kw>
<kw name="Status Should Be" library="LoginLibrary">
<arg>Creating user failed: ${error}</arg>
<status status="PASS" starttime="20220303 13:26:24.812" endtime="20220303 13:26:24.812"/>
</kw>
<status status="PASS" starttime="20220303 13:26:24.798" endtime="20220303 13:26:24.813"/>
</kw>
<kw name="Clear login database" type="TEARDOWN">
<kw name="Remove File" library="OperatingSystem">
<arg>${DATABASE FILE}</arg>
<doc>Removes a file with the given path.</doc>
<msg timestamp="20220303 13:26:24.813" level="INFO" html="true">Removed file '&lt;a href="file:///tmp/robotframework-quickstart-db.txt"&gt;/tmp/robotframework-quickstart-db.txt&lt;/a&gt;'.</msg>
<status status="PASS" starttime="20220303 13:26:24.813" endtime="20220303 13:26:24.813"/>
</kw>
<status status="PASS" starttime="20220303 13:26:24.813" endtime="20220303 13:26:24.813"/>
</kw>
<tag>example</tag>
<tag>quickstart</tag>
<tag>smoke</tag>
<status status="PASS" starttime="20220303 13:26:24.722" endtime="20220303 13:26:24.813"/>
</test>
<test id="s1-t5" name="User status is stored in database">
<kw name="Create valid user">
<arg>${USERNAME}</arg>
<arg>${PASSWORD}</arg>
<kw name="Create User" library="LoginLibrary">
<arg>${username}</arg>
<arg>${password}</arg>
<status status="PASS" starttime="20220303 13:26:24.814" endtime="20220303 13:26:24.829"/>
</kw>
<kw name="Status Should Be" library="LoginLibrary">
<arg>SUCCESS</arg>
<status status="PASS" starttime="20220303 13:26:24.829" endtime="20220303 13:26:24.830"/>
</kw>
<status status="PASS" starttime="20220303 13:26:24.814" endtime="20220303 13:26:24.830"/>
</kw>
<kw name="Database Should Contain">
<arg>${USERNAME}</arg>
<arg>${PASSWORD}</arg>
<arg>Inactive</arg>
<kw name="Get File" library="OperatingSystem">
<var>${database}</var>
<arg>${DATABASE FILE}</arg>
<doc>Returns the contents of a specified file.</doc>
<msg timestamp="20220303 13:26:24.830" level="INFO" html="true">Getting file '&lt;a href="file:///tmp/robotframework-quickstart-db.txt"&gt;/tmp/robotframework-quickstart-db.txt&lt;/a&gt;'.</msg>
<msg timestamp="20220303 13:26:24.830" level="INFO">${database} = janedoe	J4n3D0e	Inactive
</msg>
<status status="PASS" starttime="20220303 13:26:24.830" endtime="20220303 13:26:24.830"/>
</kw>
<kw name="Should Contain" library="BuiltIn">
<arg>${database}</arg>
<arg>${username}\t${password}\t${status}\n</arg>
<doc>Fails if ``container`` does not contain ``item`` one or more times.</doc>
<status status="PASS" starttime="20220303 13:26:24.830" endtime="20220303 13:26:24.831"/>
</kw>
<status status="PASS" starttime="20220303 13:26:24.830" endtime="20220303 13:26:24.831"/>
</kw>
<kw name="Login">
<arg>${USERNAME}</arg>
<arg>${PASSWORD}</arg>
<kw name="Attempt To Login With Credentials" library="LoginLibrary">
<arg>${username}</arg>
<arg>${password}</arg>
<status status="PASS" starttime="20220303 13:26:24.831" endtime="20220303 13:26:24.845"/>
</kw>
<kw name="Status Should Be" library="LoginLibrary">
<arg>Logged In</arg>
<status status="PASS" starttime="20220303 13:26:24.845" endtime="20220303 13:26:24.845"/>
</kw>
<status status="PASS" starttime="20220303 13:26:24.831" endtime="20220303 13:26:24.845"/>
</kw>
<kw name="Database Should Contain">
<arg>${USERNAME}</arg>
<arg>${PASSWORD}</arg>
<arg>Active</arg>
<kw name="Get File" library="OperatingSystem">
<var>${database}</var>
<arg>${DATABASE FILE}</arg>
<doc>Returns the contents of a specified file.</doc>
<msg timestamp="20220303 13:26:24.846" level="INFO" html="true">Getting file '&lt;a href="file:///tmp/robotframework-quickstart-db.txt"&gt;/tmp/robotframework-quickstart-db.txt&lt;/a&gt;'.</msg>
<msg timestamp="20220303 13:26:24.846" level="INFO">${database} = janedoe	J4n3D0e	Active
</msg>
<status status="PASS" starttime="20220303 13:26:24.846" endtime="20220303 13:26:24.846"/>
</kw>
<kw name="Should Contain" library="BuiltIn">
<arg>${database}</arg>
<arg>${username}\t${password}\t${status}\n</arg>
<doc>Fails if ``container`` does not contain ``item`` one or more times.</doc>
<status status="PASS" starttime="20220303 13:26:24.846" endtime="20220303 13:26:24.846"/>
</kw>
<status status="PASS" starttime="20220303 13:26:24.845" endtime="20220303 13:26:24.846"/>
</kw>
<kw name="Clear login database" type="TEARDOWN">
<kw name="Remove File" library="OperatingSystem">
<arg>${DATABASE FILE}</arg>
<doc>Removes a file with the given path.</doc>
<msg timestamp="20220303 13:26:24.847" level="INFO" html="true">Removed file '&lt;a href="file:///tmp/robotframework-quickstart-db.txt"&gt;/tmp/robotframework-quickstart-db.txt&lt;/a&gt;'.</msg>
<status status="PASS" starttime="20220303 13:26:24.846" endtime="20220303 13:26:24.847"/>
</kw>
<status status="PASS" starttime="20220303 13:26:24.846" endtime="20220303 13:26:24.847"/>
</kw>
<tag>database</tag>
<tag>quickstart</tag>
<tag>variables</tag>
<status status="PASS" starttime="20220303 13:26:24.813" endtime="20220303 13:26:24.847"/>
</test>
<status status="PASS" starttime="20220303 13:26:24.580" endtime="20220303 13:26:24.847"/>
</suite>
<statistics>
<total>
<stat pass="5" fail="0" skip="0">All Tests</stat>
</total>
<tag>
<stat pass="1" fail="0" skip="0">database</stat>
<stat pass="4" fail="0" skip="0">example</stat>
<stat pass="5" fail="0" skip="0">quickstart</stat>
<stat pass="4" fail="0" skip="0">smoke</stat>
<stat pass="1" fail="0" skip="0">variables</stat>
</tag>
<suite>
<stat pass="5" fail="0" skip="0" id="s1" name="QuickStart">QuickStart</stat>
</suite>
</statistics>
<errors>
</errors>
</robot>
