<?xml version="1.0" encoding="UTF-8"?>
<robot generator="Robot 4.1.3 (Python 3.8.10 on linux)" generated="20220303 09:18:01.400" rpa="false" schemaversion="2">
<suite id="s1" name="QuickStart" source="/home/ubuntu/Desktop/robotframework_testing/QuickStart.rst">
<kw name="Clear login database" type="SETUP">
<kw name="Remove File" library="OperatingSystem">
<arg>${DATABASE FILE}</arg>
<doc>Removes a file with the given path.</doc>
<msg timestamp="20220303 09:18:01.415" level="INFO" html="true">File '&lt;a href="file:///tmp/robotframework-quickstart-db.txt"&gt;/tmp/robotframework-quickstart-db.txt&lt;/a&gt;' does not exist.</msg>
<status status="PASS" starttime="20220303 09:18:01.415" endtime="20220303 09:18:01.415"/>
</kw>
<status status="PASS" starttime="20220303 09:18:01.415" endtime="20220303 09:18:01.415"/>
</kw>
<test id="s1-t1" name="User can create an account and log in">
<kw name="Create valid user">
<arg>fred</arg>
<arg>P4ssw0rd</arg>
<kw name="Create User" library="LoginLibrary">
<arg>${username}</arg>
<arg>${password}</arg>
<status status="PASS" starttime="20220303 09:18:01.416" endtime="20220303 09:18:01.431"/>
</kw>
<kw name="Status Should Be" library="LoginLibrary">
<arg>SUCCESS</arg>
<status status="PASS" starttime="20220303 09:18:01.432" endtime="20220303 09:18:01.432"/>
</kw>
<status status="PASS" starttime="20220303 09:18:01.415" endtime="20220303 09:18:01.432"/>
</kw>
<kw name="Attempt To Login With Credentials" library="LoginLibrary">
<arg>fred</arg>
<arg>P4ssw0rd</arg>
<status status="PASS" starttime="20220303 09:18:01.432" endtime="20220303 09:18:01.447"/>
</kw>
<kw name="Status Should Be" library="LoginLibrary">
<arg>Logged In</arg>
<status status="PASS" starttime="20220303 09:18:01.447" endtime="20220303 09:18:01.447"/>
</kw>
<kw name="Clear login database" type="TEARDOWN">
<kw name="Remove File" library="OperatingSystem">
<arg>${DATABASE FILE}</arg>
<doc>Removes a file with the given path.</doc>
<msg timestamp="20220303 09:18:01.448" level="INFO" html="true">Removed file '&lt;a href="file:///tmp/robotframework-quickstart-db.txt"&gt;/tmp/robotframework-quickstart-db.txt&lt;/a&gt;'.</msg>
<status status="PASS" starttime="20220303 09:18:01.448" endtime="20220303 09:18:01.448"/>
</kw>
<status status="PASS" starttime="20220303 09:18:01.448" endtime="20220303 09:18:01.448"/>
</kw>
<tag>example</tag>
<tag>quickstart</tag>
<tag>smoke</tag>
<status status="PASS" starttime="20220303 09:18:01.415" endtime="20220303 09:18:01.448"/>
</test>
<test id="s1-t2" name="User cannot log in with bad password">
<kw name="Create valid user">
<arg>betty</arg>
<arg>P4ssw0rd</arg>
<kw name="Create User" library="LoginLibrary">
<arg>${username}</arg>
<arg>${password}</arg>
<status status="PASS" starttime="20220303 09:18:01.450" endtime="20220303 09:18:01.466"/>
</kw>
<kw name="Status Should Be" library="LoginLibrary">
<arg>SUCCESS</arg>
<status status="PASS" starttime="20220303 09:18:01.466" endtime="20220303 09:18:01.466"/>
</kw>
<status status="PASS" starttime="20220303 09:18:01.450" endtime="20220303 09:18:01.466"/>
</kw>
<kw name="Attempt To Login With Credentials" library="LoginLibrary">
<arg>betty</arg>
<arg>wrong</arg>
<status status="PASS" starttime="20220303 09:18:01.466" endtime="20220303 09:18:01.483"/>
</kw>
<kw name="Status Should Be" library="LoginLibrary">
<arg>Access Denied</arg>
<status status="PASS" starttime="20220303 09:18:01.483" endtime="20220303 09:18:01.484"/>
</kw>
<kw name="Clear login database" type="TEARDOWN">
<kw name="Remove File" library="OperatingSystem">
<arg>${DATABASE FILE}</arg>
<doc>Removes a file with the given path.</doc>
<msg timestamp="20220303 09:18:01.485" level="INFO" html="true">Removed file '&lt;a href="file:///tmp/robotframework-quickstart-db.txt"&gt;/tmp/robotframework-quickstart-db.txt&lt;/a&gt;'.</msg>
<status status="PASS" starttime="20220303 09:18:01.484" endtime="20220303 09:18:01.485"/>
</kw>
<status status="PASS" starttime="20220303 09:18:01.484" endtime="20220303 09:18:01.485"/>
</kw>
<tag>example</tag>
<tag>quickstart</tag>
<tag>smoke</tag>
<status status="PASS" starttime="20220303 09:18:01.448" endtime="20220303 09:18:01.485"/>
</test>
<test id="s1-t3" name="User can change password">
<kw name="Given a user has a valid account">
<kw name="Create valid user">
<arg>${USERNAME}</arg>
<arg>${PASSWORD}</arg>
<kw name="Create User" library="LoginLibrary">
<arg>${username}</arg>
<arg>${password}</arg>
<status status="PASS" starttime="20220303 09:18:01.486" endtime="20220303 09:18:01.502"/>
</kw>
<kw name="Status Should Be" library="LoginLibrary">
<arg>SUCCESS</arg>
<status status="PASS" starttime="20220303 09:18:01.502" endtime="20220303 09:18:01.502"/>
</kw>
<status status="PASS" starttime="20220303 09:18:01.486" endtime="20220303 09:18:01.502"/>
</kw>
<status status="PASS" starttime="20220303 09:18:01.486" endtime="20220303 09:18:01.502"/>
</kw>
<kw name="When she changes her password">
<kw name="Change Password" library="LoginLibrary">
<arg>${USERNAME}</arg>
<arg>${PASSWORD}</arg>
<arg>${NEW PASSWORD}</arg>
<status status="PASS" starttime="20220303 09:18:01.502" endtime="20220303 09:18:01.522"/>
</kw>
<kw name="Status Should Be" library="LoginLibrary">
<arg>SUCCESS</arg>
<status status="PASS" starttime="20220303 09:18:01.522" endtime="20220303 09:18:01.522"/>
</kw>
<status status="PASS" starttime="20220303 09:18:01.502" endtime="20220303 09:18:01.522"/>
</kw>
<kw name="Then she can log in with the new password">
<kw name="Login">
<arg>${USERNAME}</arg>
<arg>${NEW PASSWORD}</arg>
<kw name="Attempt To Login With Credentials" library="LoginLibrary">
<arg>${username}</arg>
<arg>${password}</arg>
<status status="PASS" starttime="20220303 09:18:01.523" endtime="20220303 09:18:01.538"/>
</kw>
<kw name="Status Should Be" library="LoginLibrary">
<arg>Logged In</arg>
<status status="PASS" starttime="20220303 09:18:01.539" endtime="20220303 09:18:01.539"/>
</kw>
<status status="PASS" starttime="20220303 09:18:01.523" endtime="20220303 09:18:01.539"/>
</kw>
<status status="PASS" starttime="20220303 09:18:01.522" endtime="20220303 09:18:01.539"/>
</kw>
<kw name="And she cannot use the old password anymore">
<kw name="Attempt To Login With Credentials" library="LoginLibrary">
<arg>${USERNAME}</arg>
<arg>${PASSWORD}</arg>
<status status="PASS" starttime="20220303 09:18:01.539" endtime="20220303 09:18:01.554"/>
</kw>
<kw name="Status Should Be" library="LoginLibrary">
<arg>Access Denied</arg>
<status status="PASS" starttime="20220303 09:18:01.554" endtime="20220303 09:18:01.554"/>
</kw>
<status status="PASS" starttime="20220303 09:18:01.539" endtime="20220303 09:18:01.554"/>
</kw>
<kw name="Clear login database" type="TEARDOWN">
<kw name="Remove File" library="OperatingSystem">
<arg>${DATABASE FILE}</arg>
<doc>Removes a file with the given path.</doc>
<msg timestamp="20220303 09:18:01.555" level="INFO" html="true">Removed file '&lt;a href="file:///tmp/robotframework-quickstart-db.txt"&gt;/tmp/robotframework-quickstart-db.txt&lt;/a&gt;'.</msg>
<status status="PASS" starttime="20220303 09:18:01.555" endtime="20220303 09:18:01.555"/>
</kw>
<status status="PASS" starttime="20220303 09:18:01.555" endtime="20220303 09:18:01.555"/>
</kw>
<tag>example</tag>
<tag>quickstart</tag>
<tag>smoke</tag>
<status status="PASS" starttime="20220303 09:18:01.486" endtime="20220303 09:18:01.555"/>
</test>
<test id="s1-t4" name="Invalid password">
<kw name="Creating user with invalid password should fail">
<arg>abCD5</arg>
<arg>${PWD INVALID LENGTH}</arg>
<kw name="Create User" library="LoginLibrary">
<arg>example</arg>
<arg>${password}</arg>
<status status="PASS" starttime="20220303 09:18:01.556" endtime="20220303 09:18:01.571"/>
</kw>
<kw name="Status Should Be" library="LoginLibrary">
<arg>Creating user failed: ${error}</arg>
<status status="PASS" starttime="20220303 09:18:01.571" endtime="20220303 09:18:01.571"/>
</kw>
<status status="PASS" starttime="20220303 09:18:01.556" endtime="20220303 09:18:01.571"/>
</kw>
<kw name="Creating user with invalid password should fail">
<arg>abCD567890123</arg>
<arg>${PWD INVALID LENGTH}</arg>
<kw name="Create User" library="LoginLibrary">
<arg>example</arg>
<arg>${password}</arg>
<status status="PASS" starttime="20220303 09:18:01.572" endtime="20220303 09:18:01.588"/>
</kw>
<kw name="Status Should Be" library="LoginLibrary">
<arg>Creating user failed: ${error}</arg>
<status status="PASS" starttime="20220303 09:18:01.588" endtime="20220303 09:18:01.588"/>
</kw>
<status status="PASS" starttime="20220303 09:18:01.572" endtime="20220303 09:18:01.588"/>
</kw>
<kw name="Creating user with invalid password should fail">
<arg>123DEFG</arg>
<arg>${PWD INVALID CONTENT}</arg>
<kw name="Create User" library="LoginLibrary">
<arg>example</arg>
<arg>${password}</arg>
<status status="PASS" starttime="20220303 09:18:01.589" endtime="20220303 09:18:01.605"/>
</kw>
<kw name="Status Should Be" library="LoginLibrary">
<arg>Creating user failed: ${error}</arg>
<status status="PASS" starttime="20220303 09:18:01.605" endtime="20220303 09:18:01.605"/>
</kw>
<status status="PASS" starttime="20220303 09:18:01.588" endtime="20220303 09:18:01.605"/>
</kw>
<kw name="Creating user with invalid password should fail">
<arg>abcd56789</arg>
<arg>${PWD INVALID CONTENT}</arg>
<kw name="Create User" library="LoginLibrary">
<arg>example</arg>
<arg>${password}</arg>
<status status="PASS" starttime="20220303 09:18:01.606" endtime="20220303 09:18:01.621"/>
</kw>
<kw name="Status Should Be" library="LoginLibrary">
<arg>Creating user failed: ${error}</arg>
<status status="PASS" starttime="20220303 09:18:01.622" endtime="20220303 09:18:01.622"/>
</kw>
<status status="PASS" starttime="20220303 09:18:01.606" endtime="20220303 09:18:01.622"/>
</kw>
<kw name="Creating user with invalid password should fail">
<arg>AbCdEfGh</arg>
<arg>${PWD INVALID CONTENT}</arg>
<kw name="Create User" library="LoginLibrary">
<arg>example</arg>
<arg>${password}</arg>
<status status="PASS" starttime="20220303 09:18:01.622" endtime="20220303 09:18:01.637"/>
</kw>
<kw name="Status Should Be" library="LoginLibrary">
<arg>Creating user failed: ${error}</arg>
<status status="PASS" starttime="20220303 09:18:01.637" endtime="20220303 09:18:01.637"/>
</kw>
<status status="PASS" starttime="20220303 09:18:01.622" endtime="20220303 09:18:01.637"/>
</kw>
<kw name="Creating user with invalid password should fail">
<arg>abCD56+</arg>
<arg>${PWD INVALID CONTENT}</arg>
<kw name="Create User" library="LoginLibrary">
<arg>example</arg>
<arg>${password}</arg>
<status status="PASS" starttime="20220303 09:18:01.638" endtime="20220303 09:18:01.652"/>
</kw>
<kw name="Status Should Be" library="LoginLibrary">
<arg>Creating user failed: ${error}</arg>
<status status="PASS" starttime="20220303 09:18:01.652" endtime="20220303 09:18:01.652"/>
</kw>
<status status="PASS" starttime="20220303 09:18:01.637" endtime="20220303 09:18:01.653"/>
</kw>
<kw name="Clear login database" type="TEARDOWN">
<kw name="Remove File" library="OperatingSystem">
<arg>${DATABASE FILE}</arg>
<doc>Removes a file with the given path.</doc>
<msg timestamp="20220303 09:18:01.653" level="INFO" html="true">Removed file '&lt;a href="file:///tmp/robotframework-quickstart-db.txt"&gt;/tmp/robotframework-quickstart-db.txt&lt;/a&gt;'.</msg>
<status status="PASS" starttime="20220303 09:18:01.653" endtime="20220303 09:18:01.653"/>
</kw>
<status status="PASS" starttime="20220303 09:18:01.653" endtime="20220303 09:18:01.653"/>
</kw>
<tag>example</tag>
<tag>quickstart</tag>
<tag>smoke</tag>
<status status="PASS" starttime="20220303 09:18:01.555" endtime="20220303 09:18:01.653"/>
</test>
<test id="s1-t5" name="User status is stored in database">
<kw name="Create valid user">
<arg>${USERNAME}</arg>
<arg>${PASSWORD}</arg>
<kw name="Create User" library="LoginLibrary">
<arg>${username}</arg>
<arg>${password}</arg>
<status status="PASS" starttime="20220303 09:18:01.654" endtime="20220303 09:18:01.669"/>
</kw>
<kw name="Status Should Be" library="LoginLibrary">
<arg>SUCCESS</arg>
<status status="PASS" starttime="20220303 09:18:01.669" endtime="20220303 09:18:01.669"/>
</kw>
<status status="PASS" starttime="20220303 09:18:01.654" endtime="20220303 09:18:01.670"/>
</kw>
<kw name="Database Should Contain">
<arg>${USERNAME}</arg>
<arg>${PASSWORD}</arg>
<arg>Inactive</arg>
<kw name="Get File" library="OperatingSystem">
<var>${database}</var>
<arg>${DATABASE FILE}</arg>
<doc>Returns the contents of a specified file.</doc>
<msg timestamp="20220303 09:18:01.670" level="INFO" html="true">Getting file '&lt;a href="file:///tmp/robotframework-quickstart-db.txt"&gt;/tmp/robotframework-quickstart-db.txt&lt;/a&gt;'.</msg>
<msg timestamp="20220303 09:18:01.670" level="INFO">${database} = janedoe	J4n3D0e	Inactive
</msg>
<status status="PASS" starttime="20220303 09:18:01.670" endtime="20220303 09:18:01.670"/>
</kw>
<kw name="Should Contain" library="BuiltIn">
<arg>${database}</arg>
<arg>${username}\t${password}\t${status}\n</arg>
<doc>Fails if ``container`` does not contain ``item`` one or more times.</doc>
<status status="PASS" starttime="20220303 09:18:01.670" endtime="20220303 09:18:01.670"/>
</kw>
<status status="PASS" starttime="20220303 09:18:01.670" endtime="20220303 09:18:01.671"/>
</kw>
<kw name="Login">
<arg>${USERNAME}</arg>
<arg>${PASSWORD}</arg>
<kw name="Attempt To Login With Credentials" library="LoginLibrary">
<arg>${username}</arg>
<arg>${password}</arg>
<status status="PASS" starttime="20220303 09:18:01.671" endtime="20220303 09:18:01.685"/>
</kw>
<kw name="Status Should Be" library="LoginLibrary">
<arg>Logged In</arg>
<status status="PASS" starttime="20220303 09:18:01.686" endtime="20220303 09:18:01.686"/>
</kw>
<status status="PASS" starttime="20220303 09:18:01.671" endtime="20220303 09:18:01.686"/>
</kw>
<kw name="Database Should Contain">
<arg>${USERNAME}</arg>
<arg>${PASSWORD}</arg>
<arg>Active</arg>
<kw name="Get File" library="OperatingSystem">
<var>${database}</var>
<arg>${DATABASE FILE}</arg>
<doc>Returns the contents of a specified file.</doc>
<msg timestamp="20220303 09:18:01.686" level="INFO" html="true">Getting file '&lt;a href="file:///tmp/robotframework-quickstart-db.txt"&gt;/tmp/robotframework-quickstart-db.txt&lt;/a&gt;'.</msg>
<msg timestamp="20220303 09:18:01.686" level="INFO">${database} = janedoe	J4n3D0e	Active
</msg>
<status status="PASS" starttime="20220303 09:18:01.686" endtime="20220303 09:18:01.686"/>
</kw>
<kw name="Should Contain" library="BuiltIn">
<arg>${database}</arg>
<arg>${username}\t${password}\t${status}\n</arg>
<doc>Fails if ``container`` does not contain ``item`` one or more times.</doc>
<status status="PASS" starttime="20220303 09:18:01.686" endtime="20220303 09:18:01.687"/>
</kw>
<status status="PASS" starttime="20220303 09:18:01.686" endtime="20220303 09:18:01.687"/>
</kw>
<kw name="Clear login database" type="TEARDOWN">
<kw name="Remove File" library="OperatingSystem">
<arg>${DATABASE FILE}</arg>
<doc>Removes a file with the given path.</doc>
<msg timestamp="20220303 09:18:01.687" level="INFO" html="true">Removed file '&lt;a href="file:///tmp/robotframework-quickstart-db.txt"&gt;/tmp/robotframework-quickstart-db.txt&lt;/a&gt;'.</msg>
<status status="PASS" starttime="20220303 09:18:01.687" endtime="20220303 09:18:01.687"/>
</kw>
<status status="PASS" starttime="20220303 09:18:01.687" endtime="20220303 09:18:01.687"/>
</kw>
<tag>database</tag>
<tag>quickstart</tag>
<tag>variables</tag>
<status status="PASS" starttime="20220303 09:18:01.653" endtime="20220303 09:18:01.687"/>
</test>
<status status="PASS" starttime="20220303 09:18:01.401" endtime="20220303 09:18:01.688"/>
</suite>
<statistics>
<total>
<stat pass="5" fail="0" skip="0">All Tests</stat>
</total>
<tag>
<stat pass="1" fail="0" skip="0">database</stat>
<stat pass="4" fail="0" skip="0">example</stat>
<stat pass="5" fail="0" skip="0">quickstart</stat>
<stat pass="4" fail="0" skip="0">smoke</stat>
<stat pass="1" fail="0" skip="0">variables</stat>
</tag>
<suite>
<stat pass="5" fail="0" skip="0" id="s1" name="QuickStart">QuickStart</stat>
</suite>
</statistics>
<errors>
</errors>
</robot>
